# JRE version: OpenJDK Runtime Environment (8.0_152-b01) (build 1.8.0_152-release-1024-b01)
# Java VM: OpenJDK 64-Bit Server VM (25.152-b01 mixed mode linux-amd64 compressed oops)
Heap:
 PSYoungGen      total 63488K, used 2016K [0x00000000e0000000, 0x00000000e4000000, 0x0000000100000000)
  eden space 61440K, 0% used [0x00000000e0000000,0x00000000e0000000,0x00000000e3c00000)
  from space 2048K, 98% used [0x00000000e3c00000,0x00000000e3df8030,0x00000000e3e00000)
  to   space 2048K, 0% used [0x00000000e3e00000,0x00000000e3e00000,0x00000000e4000000)
 ParOldGen       total 39936K, used 15354K [0x00000000a0000000, 0x00000000a2700000, 0x00000000e0000000)
  object space 39936K, 38% used [0x00000000a0000000,0x00000000a0efea78,0x00000000a2700000)
 Metaspace       used 20684K, capacity 21026K, committed 21248K, reserved 1067008K
  class space    used 2893K, capacity 3005K, committed 3072K, reserved 1048576K
GC Heap History (9 events):
Event: 5.507 GC heap before
{Heap before GC invocations=1 (full 0):
 PSYoungGen      total 17408K, used 15360K [0x00000000e0000000, 0x00000000e1300000, 0x0000000100000000)
  eden space 15360K, 100% used [0x00000000e0000000,0x00000000e0f00000,0x00000000e0f00000)
  from space 2048K, 0% used [0x00000000e1100000,0x00000000e1100000,0x00000000e1300000)
  to   space 2048K, 0% used [0x00000000e0f00000,0x00000000e0f00000,0x00000000e1100000)
 ParOldGen       total 39936K, used 0K [0x00000000a0000000, 0x00000000a2700000, 0x00000000e0000000)
  object space 39936K, 0% used [0x00000000a0000000,0x00000000a0000000,0x00000000a2700000)
 Metaspace       used 5931K, capacity 6082K, committed 6272K, reserved 1056768K
  class space    used 730K, capacity 779K, committed 896K, reserved 1048576K
Event: 5.581 GC heap after
Heap after GC invocations=1 (full 0):
 PSYoungGen      total 17408K, used 2035K [0x00000000e0000000, 0x00000000e2200000, 0x0000000100000000)
  eden space 15360K, 0% used [0x00000000e0000000,0x00000000e0000000,0x00000000e0f00000)
  from space 2048K, 99% used [0x00000000e0f00000,0x00000000e10fccf8,0x00000000e1100000)
  to   space 2048K, 0% used [0x00000000e2000000,0x00000000e2000000,0x00000000e2200000)
 ParOldGen       total 39936K, used 633K [0x00000000a0000000, 0x00000000a2700000, 0x00000000e0000000)
  object space 39936K, 1% used [0x00000000a0000000,0x00000000a009e418,0x00000000a2700000)
 Metaspace       used 5931K, capacity 6082K, committed 6272K, reserved 1056768K
  class space    used 730K, capacity 779K, committed 896K, reserved 1048576K
}
Event: 5.893 GC heap before
{Heap before GC invocations=2 (full 0):
 PSYoungGen      total 17408K, used 17395K [0x00000000e0000000, 0x00000000e2200000, 0x0000000100000000)
  eden space 15360K, 100% used [0x00000000e0000000,0x00000000e0f00000,0x00000000e0f00000)
  from space 2048K, 99% used [0x00000000e0f00000,0x00000000e10fccf8,0x00000000e1100000)
  to   space 2048K, 0% used [0x00000000e2000000,0x00000000e2000000,0x00000000e2200000)
 ParOldGen       total 39936K, used 633K [0x00000000a0000000, 0x00000000a2700000, 0x00000000e0000000)
  object space 39936K, 1% used [0x00000000a0000000,0x00000000a009e418,0x00000000a2700000)
 Metaspace       used 6756K, capacity 6914K, committed 7168K, reserved 1056768K
  class space    used 833K, capacity 907K, committed 1024K, reserved 1048576K
Event: 5.907 GC heap after
Heap after GC invocations=2 (full 0):
 PSYoungGen      total 32768K, used 2016K [0x00000000e0000000, 0x00000000e2200000, 0x0000000100000000)
  eden space 30720K, 0% used [0x00000000e0000000,0x00000000e0000000,0x00000000e1e00000)
  from space 2048K, 98% used [0x00000000e2000000,0x00000000e21f8020,0x00000000e2200000)
  to   space 2048K, 0% used [0x00000000e1e00000,0x00000000e1e00000,0x00000000e2000000)
 ParOldGen       total 39936K, used 1321K [0x00000000a0000000, 0x00000000a2700000, 0x00000000e0000000)
  object space 39936K, 3% used [0x00000000a0000000,0x00000000a014a648,0x00000000a2700000)
 Metaspace       used 6756K, capacity 6914K, committed 7168K, reserved 1056768K
  class space    used 833K, capacity 907K, committed 1024K, reserved 1048576K
}
Event: 7.165 GC heap before
{Heap before GC invocations=3 (full 0):
 PSYoungGen      total 32768K, used 32736K [0x00000000e0000000, 0x00000000e2200000, 0x0000000100000000)
  eden space 30720K, 100% used [0x00000000e0000000,0x00000000e1e00000,0x00000000e1e00000)
  from space 2048K, 98% used [0x00000000e2000000,0x00000000e21f8020,0x00000000e2200000)
  to   space 2048K, 0% used [0x00000000e1e00000,0x00000000e1e00000,0x00000000e2000000)
 ParOldGen       total 39936K, used 1321K [0x00000000a0000000, 0x00000000a2700000, 0x00000000e0000000)
  object space 39936K, 3% used [0x00000000a0000000,0x00000000a014a648,0x00000000a2700000)
 Metaspace       used 10180K, capacity 10460K, committed 10752K, reserved 1058816K
  class space    used 1363K, capacity 1486K, committed 1536K, reserved 1048576K
Event: 7.276 GC heap after
Heap after GC invocations=3 (full 0):
 PSYoungGen      total 32768K, used 2016K [0x00000000e0000000, 0x00000000e4000000, 0x0000000100000000)
  eden space 30720K, 0% used [0x00000000e0000000,0x00000000e0000000,0x00000000e1e00000)
  from space 2048K, 98% used [0x00000000e1e00000,0x00000000e1ff8020,0x00000000e2000000)
  to   space 2048K, 0% used [0x00000000e3e00000,0x00000000e3e00000,0x00000000e4000000)
 ParOldGen       total 39936K, used 4279K [0x00000000a0000000, 0x00000000a2700000, 0x00000000e0000000)
  object space 39936K, 10% used [0x00000000a0000000,0x00000000a042dc00,0x00000000a2700000)
 Metaspace       used 10180K, capacity 10460K, committed 10752K, reserved 1058816K
  class space    used 1363K, capacity 1486K, committed 1536K, reserved 1048576K
}
Event: 9.454 GC heap before
{Heap before GC invocations=4 (full 0):
 PSYoungGen      total 32768K, used 32736K [0x00000000e0000000, 0x00000000e4000000, 0x0000000100000000)
  eden space 30720K, 100% used [0x00000000e0000000,0x00000000e1e00000,0x00000000e1e00000)
  from space 2048K, 98% used [0x00000000e1e00000,0x00000000e1ff8020,0x00000000e2000000)
  to   space 2048K, 0% used [0x00000000e3e00000,0x00000000e3e00000,0x00000000e4000000)
 ParOldGen       total 39936K, used 4279K [0x00000000a0000000, 0x00000000a2700000, 0x00000000e0000000)
  object space 39936K, 10% used [0x00000000a0000000,0x00000000a042dc00,0x00000000a2700000)
 Metaspace       used 13476K, capacity 13832K, committed 14080K, reserved 1060864K
  class space    used 1887K, capacity 2026K, committed 2048K, reserved 1048576K
Event: 9.473 GC heap after
Heap after GC invocations=4 (full 0):
 PSYoungGen      total 63488K, used 2032K [0x00000000e0000000, 0x00000000e4000000, 0x0000000100000000)
  eden space 61440K, 0% used [0x00000000e0000000,0x00000000e0000000,0x00000000e3c00000)
  from space 2048K, 99% used [0x00000000e3e00000,0x00000000e3ffc040,0x00000000e4000000)
  to   space 2048K, 0% used [0x00000000e3c00000,0x00000000e3c00000,0x00000000e3e00000)
 ParOldGen       total 39936K, used 7872K [0x00000000a0000000, 0x00000000a2700000, 0x00000000e0000000)
  object space 39936K, 19% used [0x00000000a0000000,0x00000000a07b03e8,0x00000000a2700000)
 Metaspace       used 13476K, capacity 13832K, committed 14080K, reserved 1060864K
  class space    used 1887K, capacity 2026K, committed 2048K, reserved 1048576K
}
Event: 16.863 GC heap before
{Heap before GC invocations=5 (full 0):
 PSYoungGen      total 63488K, used 54931K [0x00000000e0000000, 0x00000000e4000000, 0x0000000100000000)
  eden space 61440K, 86% used [0x00000000e0000000,0x00000000e33a8e30,0x00000000e3c00000)
  from space 2048K, 99% used [0x00000000e3e00000,0x00000000e3ffc040,0x00000000e4000000)
  to   space 2048K, 0% used [0x00000000e3c00000,0x00000000e3c00000,0x00000000e3e00000)
 ParOldGen       total 39936K, used 7872K [0x00000000a0000000, 0x00000000a2700000, 0x00000000e0000000)
  object space 39936K, 19% used [0x00000000a0000000,0x00000000a07b03e8,0x00000000a2700000)
 Metaspace       used 20684K, capacity 21026K, committed 21248K, reserved 1067008K
  class space    used 2893K, capacity 3005K, committed 3072K, reserved 1048576K

